<?xml version="1.0" ?>
<coverage version="7.2.2" timestamp="1685364599549" lines-valid="202" lines-covered="92" line-rate="0.4554" branches-covered="0" branches-valid="0" branch-rate="0" complexity="0">
	<!-- Generated by coverage.py: https://coverage.readthedocs.io/en/7.2.2 -->
	<!-- Based on https://raw.githubusercontent.com/cobertura/web/master/htdocs/xml/coverage-04.dtd -->
	<sources>
		<source>/home/papa/projects/link_engineering</source>
	</sources>
	<packages>
		<package name="link_engineering" line-rate="0.375" branch-rate="0" complexity="0">
			<classes>
				<class name="__init__.py" filename="link_engineering/__init__.py" complexity="0" line-rate="1" branch-rate="0">
					<methods/>
					<lines/>
				</class>
				<class name="link_eng.py" filename="link_engineering/link_eng.py" complexity="0" line-rate="0.375" branch-rate="0">
					<methods/>
					<lines>
						<line number="29" hits="1"/>
						<line number="30" hits="1"/>
						<line number="31" hits="1"/>
						<line number="33" hits="1"/>
						<line number="34" hits="1"/>
						<line number="35" hits="1"/>
						<line number="36" hits="1"/>
						<line number="39" hits="1"/>
						<line number="51" hits="0"/>
						<line number="52" hits="0"/>
						<line number="54" hits="1"/>
						<line number="68" hits="1"/>
						<line number="69" hits="1"/>
						<line number="71" hits="1"/>
						<line number="81" hits="0"/>
						<line number="82" hits="0"/>
						<line number="84" hits="1"/>
						<line number="93" hits="1"/>
						<line number="94" hits="1"/>
						<line number="95" hits="1"/>
						<line number="98" hits="1"/>
						<line number="107" hits="1"/>
						<line number="108" hits="1"/>
						<line number="111" hits="1"/>
						<line number="121" hits="1"/>
						<line number="122" hits="1"/>
						<line number="125" hits="1"/>
						<line number="134" hits="1"/>
						<line number="135" hits="1"/>
						<line number="138" hits="1"/>
						<line number="144" hits="1"/>
						<line number="145" hits="1"/>
						<line number="146" hits="1"/>
						<line number="149" hits="1"/>
						<line number="161" hits="1"/>
						<line number="162" hits="1"/>
						<line number="165" hits="1"/>
						<line number="181" hits="0"/>
						<line number="182" hits="0"/>
						<line number="183" hits="0"/>
						<line number="184" hits="0"/>
						<line number="185" hits="0"/>
						<line number="188" hits="1"/>
						<line number="195" hits="0"/>
						<line number="196" hits="0"/>
						<line number="199" hits="1"/>
						<line number="206" hits="0"/>
						<line number="207" hits="0"/>
						<line number="210" hits="1"/>
						<line number="217" hits="0"/>
						<line number="218" hits="0"/>
						<line number="221" hits="1"/>
						<line number="228" hits="0"/>
						<line number="229" hits="0"/>
						<line number="232" hits="1"/>
						<line number="241" hits="0"/>
						<line number="242" hits="0"/>
						<line number="245" hits="1"/>
						<line number="253" hits="0"/>
						<line number="254" hits="0"/>
						<line number="255" hits="0"/>
						<line number="258" hits="1"/>
						<line number="265" hits="0"/>
						<line number="266" hits="0"/>
						<line number="267" hits="0"/>
						<line number="268" hits="0"/>
						<line number="269" hits="0"/>
						<line number="273" hits="0"/>
						<line number="276" hits="1"/>
						<line number="281" hits="0"/>
						<line number="282" hits="0"/>
						<line number="285" hits="1"/>
						<line number="296" hits="1"/>
						<line number="297" hits="1"/>
						<line number="300" hits="1"/>
						<line number="308" hits="0"/>
						<line number="309" hits="0"/>
						<line number="314" hits="0"/>
						<line number="317" hits="1"/>
						<line number="327" hits="0"/>
						<line number="328" hits="0"/>
						<line number="331" hits="1"/>
						<line number="341" hits="0"/>
						<line number="342" hits="0"/>
						<line number="345" hits="1"/>
						<line number="354" hits="0"/>
						<line number="355" hits="0"/>
						<line number="358" hits="1"/>
						<line number="366" hits="0"/>
						<line number="367" hits="0"/>
						<line number="370" hits="1"/>
						<line number="380" hits="0"/>
						<line number="381" hits="0"/>
						<line number="384" hits="1"/>
						<line number="387" hits="1"/>
						<line number="388" hits="1"/>
						<line number="391" hits="1"/>
						<line number="394" hits="0"/>
						<line number="395" hits="0"/>
						<line number="398" hits="1"/>
						<line number="410" hits="0"/>
						<line number="411" hits="0"/>
						<line number="412" hits="0"/>
						<line number="415" hits="1"/>
						<line number="427" hits="0"/>
						<line number="428" hits="0"/>
						<line number="431" hits="1"/>
						<line number="444" hits="0"/>
						<line number="445" hits="0"/>
						<line number="448" hits="1"/>
						<line number="460" hits="0"/>
						<line number="461" hits="0"/>
						<line number="464" hits="1"/>
						<line number="477" hits="0"/>
						<line number="478" hits="0"/>
						<line number="481" hits="1"/>
						<line number="493" hits="0"/>
						<line number="494" hits="0"/>
						<line number="497" hits="1"/>
						<line number="509" hits="0"/>
						<line number="510" hits="0"/>
						<line number="513" hits="1"/>
						<line number="520" hits="0"/>
						<line number="521" hits="0"/>
						<line number="522" hits="0"/>
						<line number="523" hits="0"/>
						<line number="524" hits="0"/>
						<line number="525" hits="0"/>
						<line number="526" hits="0"/>
						<line number="528" hits="0"/>
						<line number="529" hits="0"/>
						<line number="530" hits="0"/>
						<line number="531" hits="0"/>
						<line number="532" hits="0"/>
						<line number="533" hits="0"/>
						<line number="534" hits="0"/>
						<line number="535" hits="0"/>
						<line number="536" hits="0"/>
						<line number="537" hits="0"/>
						<line number="538" hits="0"/>
						<line number="539" hits="0"/>
						<line number="540" hits="0"/>
						<line number="541" hits="0"/>
						<line number="542" hits="0"/>
						<line number="543" hits="0"/>
						<line number="544" hits="0"/>
						<line number="545" hits="0"/>
						<line number="546" hits="0"/>
						<line number="547" hits="0"/>
						<line number="548" hits="0"/>
						<line number="549" hits="0"/>
						<line number="550" hits="0"/>
						<line number="551" hits="0"/>
						<line number="552" hits="0"/>
						<line number="553" hits="0"/>
						<line number="554" hits="0"/>
						<line number="556" hits="1"/>
						<line number="565" hits="1"/>
						<line number="566" hits="0"/>
						<line number="567" hits="0"/>
						<line number="568" hits="0"/>
						<line number="569" hits="0"/>
						<line number="570" hits="0"/>
						<line number="571" hits="0"/>
						<line number="572" hits="0"/>
						<line number="573" hits="0"/>
						<line number="575" hits="0"/>
						<line number="576" hits="0"/>
						<line number="578" hits="1"/>
						<line number="579" hits="0"/>
						<line number="582" hits="1"/>
						<line number="583" hits="0"/>
						<line number="584" hits="0"/>
						<line number="585" hits="0"/>
						<line number="586" hits="0"/>
						<line number="587" hits="0"/>
					</lines>
				</class>
			</classes>
		</package>
		<package name="tests" line-rate="1" branch-rate="0" complexity="0">
			<classes>
				<class name="__init__.py" filename="tests/__init__.py" complexity="0" line-rate="1" branch-rate="0">
					<methods/>
					<lines/>
				</class>
				<class name="test_link_eng.py" filename="tests/test_link_eng.py" complexity="0" line-rate="1" branch-rate="0">
					<methods/>
					<lines>
						<line number="8" hits="1"/>
						<line number="9" hits="1"/>
						<line number="11" hits="1"/>
						<line number="12" hits="1"/>
						<line number="13" hits="1"/>
						<line number="15" hits="1"/>
						<line number="16" hits="1"/>
						<line number="17" hits="1"/>
						<line number="19" hits="1"/>
						<line number="20" hits="1"/>
						<line number="21" hits="1"/>
						<line number="23" hits="1"/>
						<line number="24" hits="1"/>
						<line number="25" hits="1"/>
						<line number="27" hits="1"/>
						<line number="28" hits="1"/>
						<line number="29" hits="1"/>
						<line number="31" hits="1"/>
						<line number="32" hits="1"/>
						<line number="33" hits="1"/>
						<line number="35" hits="1"/>
						<line number="36" hits="1"/>
						<line number="37" hits="1"/>
						<line number="39" hits="1"/>
						<line number="40" hits="1"/>
						<line number="41" hits="1"/>
					</lines>
				</class>
			</classes>
		</package>
	</packages>
</coverage>
